<?xml version="1.0" encoding="UTF-8"?>
<!-- Generated by org.testng.reporters.JUnitReportReporter -->
<testsuite skipped="0" hostname="OPTPCN1" name="com.org.tests.RegisterAccountTest" tests="1" failures="0" timestamp="26 Jun 2018 04:27:54 GMT" time="2.192" errors="0">
  <testcase name="launchRegisterAccountPage" time="2.192" classname="com.org.tests.RegisterAccountTest"/>
</testsuite> <!-- com.org.tests.RegisterAccountTest -->
