<?xml version="1.0" encoding="UTF-8"?>
<!-- Generated by org.testng.reporters.JUnitReportReporter -->
<testsuite skipped="10" hostname="OPTPCN1" name="com.org.tests.AdminLoginTest" tests="12" failures="0" timestamp="27 Jun 2018 12:24:03 GMT" time="4.753" errors="0">
  <testcase name="Test_With_Valid_Credentials" time="1.928" classname="com.org.tests.AdminLoginTest"/>
  <testcase name="adminlogOut" time="2.825" classname="com.org.tests.AdminLoginTest"/>
  <testcase name="clickPendingVerificationIcon" classname="com.org.tests.AdminLoginTest">
    <skipped/>
  </testcase> <!-- clickPendingVerificationIcon -->
  <testcase name="Test_With_Empty_Credentials" classname="com.org.tests.AdminLoginTest">
    <skipped/>
  </testcase> <!-- Test_With_Empty_Credentials -->
  <testcase name="clickActiveUSersIcon" classname="com.org.tests.AdminLoginTest">
    <skipped/>
  </testcase> <!-- clickActiveUSersIcon -->
  <testcase name="clickDeactivatedUsersIcon" classname="com.org.tests.AdminLoginTest">
    <skipped/>
  </testcase> <!-- clickDeactivatedUsersIcon -->
  <testcase name="dropDownListUserManagement" classname="com.org.tests.AdminLoginTest">
    <skipped/>
  </testcase> <!-- dropDownListUserManagement -->
  <testcase name="Test_With_Incorrect_Password" classname="com.org.tests.AdminLoginTest">
    <skipped/>
  </testcase> <!-- Test_With_Incorrect_Password -->
  <testcase name="Test_With_Invalid_Credentials" classname="com.org.tests.AdminLoginTest">
    <skipped/>
  </testcase> <!-- Test_With_Invalid_Credentials -->
  <testcase name="Test_With_Incorrect_Username" classname="com.org.tests.AdminLoginTest">
    <skipped/>
  </testcase> <!-- Test_With_Incorrect_Username -->
  <testcase name="clickPendingActivationIcon" classname="com.org.tests.AdminLoginTest">
    <skipped/>
  </testcase> <!-- clickPendingActivationIcon -->
  <testcase name="addUser" classname="com.org.tests.AdminLoginTest">
    <skipped/>
  </testcase> <!-- addUser -->
</testsuite> <!-- com.org.tests.AdminLoginTest -->
